ARM GAS  C:\Users\YASSIN~1\AppData\Local\Temp\ccwFhFDb.s 			page 1


   1              		.cpu cortex-m4
   2              		.arch armv7e-m
   3              		.fpu fpv4-sp-d16
   4              		.eabi_attribute 27, 1
   5              		.eabi_attribute 28, 1
   6              		.eabi_attribute 20, 1
   7              		.eabi_attribute 21, 1
   8              		.eabi_attribute 23, 3
   9              		.eabi_attribute 24, 1
  10              		.eabi_attribute 25, 1
  11              		.eabi_attribute 26, 1
  12              		.eabi_attribute 30, 1
  13              		.eabi_attribute 34, 1
  14              		.eabi_attribute 18, 4
  15              		.file	"gpio.c"
  16              		.text
  17              	.Ltext0:
  18              		.cfi_sections	.debug_frame
  19              		.file 1 "Core/Src/gpio.c"
  20              		.section	.text.MX_GPIO_Init,"ax",%progbits
  21              		.align	1
  22              		.global	MX_GPIO_Init
  23              		.syntax unified
  24              		.thumb
  25              		.thumb_func
  27              	MX_GPIO_Init:
  28              	.LFB134:
   1:Core/Src/gpio.c **** /* USER CODE BEGIN Header */
   2:Core/Src/gpio.c **** /**
   3:Core/Src/gpio.c ****   ******************************************************************************
   4:Core/Src/gpio.c ****   * @file    gpio.c
   5:Core/Src/gpio.c ****   * @brief   This file provides code for the configuration
   6:Core/Src/gpio.c ****   *          of all used GPIO pins.
   7:Core/Src/gpio.c ****   ******************************************************************************
   8:Core/Src/gpio.c ****   * @attention
   9:Core/Src/gpio.c ****   *
  10:Core/Src/gpio.c ****   * Copyright (c) 2025 STMicroelectronics.
  11:Core/Src/gpio.c ****   * All rights reserved.
  12:Core/Src/gpio.c ****   *
  13:Core/Src/gpio.c ****   * This software is licensed under terms that can be found in the LICENSE file
  14:Core/Src/gpio.c ****   * in the root directory of this software component.
  15:Core/Src/gpio.c ****   * If no LICENSE file comes with this software, it is provided AS-IS.
  16:Core/Src/gpio.c ****   *
  17:Core/Src/gpio.c ****   ******************************************************************************
  18:Core/Src/gpio.c ****   */
  19:Core/Src/gpio.c **** /* USER CODE END Header */
  20:Core/Src/gpio.c **** 
  21:Core/Src/gpio.c **** /* Includes ------------------------------------------------------------------*/
  22:Core/Src/gpio.c **** #include "gpio.h"
  23:Core/Src/gpio.c **** 
  24:Core/Src/gpio.c **** /* USER CODE BEGIN 0 */
  25:Core/Src/gpio.c **** 
  26:Core/Src/gpio.c **** /* USER CODE END 0 */
  27:Core/Src/gpio.c **** 
  28:Core/Src/gpio.c **** /*----------------------------------------------------------------------------*/
  29:Core/Src/gpio.c **** /* Configure GPIO                                                             */
  30:Core/Src/gpio.c **** /*----------------------------------------------------------------------------*/
ARM GAS  C:\Users\YASSIN~1\AppData\Local\Temp\ccwFhFDb.s 			page 2


  31:Core/Src/gpio.c **** /* USER CODE BEGIN 1 */
  32:Core/Src/gpio.c **** 
  33:Core/Src/gpio.c **** /* USER CODE END 1 */
  34:Core/Src/gpio.c **** 
  35:Core/Src/gpio.c **** /** Configure pins
  36:Core/Src/gpio.c **** */
  37:Core/Src/gpio.c **** void MX_GPIO_Init(void)
  38:Core/Src/gpio.c **** {
  29              		.loc 1 38 1 view -0
  30              		.cfi_startproc
  31              		@ args = 0, pretend = 0, frame = 32
  32              		@ frame_needed = 0, uses_anonymous_args = 0
  33 0000 30B5     		push	{r4, r5, lr}
  34              	.LCFI0:
  35              		.cfi_def_cfa_offset 12
  36              		.cfi_offset 4, -12
  37              		.cfi_offset 5, -8
  38              		.cfi_offset 14, -4
  39 0002 89B0     		sub	sp, sp, #36
  40              	.LCFI1:
  41              		.cfi_def_cfa_offset 48
  39:Core/Src/gpio.c **** 
  40:Core/Src/gpio.c ****   GPIO_InitTypeDef GPIO_InitStruct = {0};
  42              		.loc 1 40 3 view .LVU1
  43              		.loc 1 40 20 is_stmt 0 view .LVU2
  44 0004 0024     		movs	r4, #0
  45 0006 0394     		str	r4, [sp, #12]
  46 0008 0494     		str	r4, [sp, #16]
  47 000a 0594     		str	r4, [sp, #20]
  48 000c 0694     		str	r4, [sp, #24]
  49 000e 0794     		str	r4, [sp, #28]
  41:Core/Src/gpio.c **** 
  42:Core/Src/gpio.c ****   /* GPIO Ports Clock Enable */
  43:Core/Src/gpio.c ****   __HAL_RCC_GPIOA_CLK_ENABLE();
  50              		.loc 1 43 3 is_stmt 1 view .LVU3
  51              	.LBB2:
  52              		.loc 1 43 3 view .LVU4
  53 0010 0194     		str	r4, [sp, #4]
  54              		.loc 1 43 3 view .LVU5
  55 0012 134B     		ldr	r3, .L3
  56 0014 1A6B     		ldr	r2, [r3, #48]
  57 0016 42F00102 		orr	r2, r2, #1
  58 001a 1A63     		str	r2, [r3, #48]
  59              		.loc 1 43 3 view .LVU6
  60 001c 1A6B     		ldr	r2, [r3, #48]
  61 001e 02F00102 		and	r2, r2, #1
  62 0022 0192     		str	r2, [sp, #4]
  63              		.loc 1 43 3 view .LVU7
  64 0024 019A     		ldr	r2, [sp, #4]
  65              	.LBE2:
  66              		.loc 1 43 3 view .LVU8
  44:Core/Src/gpio.c ****   __HAL_RCC_GPIOB_CLK_ENABLE();
  67              		.loc 1 44 3 view .LVU9
  68              	.LBB3:
  69              		.loc 1 44 3 view .LVU10
  70 0026 0294     		str	r4, [sp, #8]
  71              		.loc 1 44 3 view .LVU11
ARM GAS  C:\Users\YASSIN~1\AppData\Local\Temp\ccwFhFDb.s 			page 3


  72 0028 1A6B     		ldr	r2, [r3, #48]
  73 002a 42F00202 		orr	r2, r2, #2
  74 002e 1A63     		str	r2, [r3, #48]
  75              		.loc 1 44 3 view .LVU12
  76 0030 1B6B     		ldr	r3, [r3, #48]
  77 0032 03F00203 		and	r3, r3, #2
  78 0036 0293     		str	r3, [sp, #8]
  79              		.loc 1 44 3 view .LVU13
  80 0038 029B     		ldr	r3, [sp, #8]
  81              	.LBE3:
  82              		.loc 1 44 3 view .LVU14
  45:Core/Src/gpio.c **** 
  46:Core/Src/gpio.c ****   /*Configure GPIO pin Output Level */
  47:Core/Src/gpio.c ****   HAL_GPIO_WritePin(HCSR04_TRIG_GPIO_Port, HCSR04_TRIG_Pin, GPIO_PIN_RESET);
  83              		.loc 1 47 3 view .LVU15
  84 003a 0A4D     		ldr	r5, .L3+4
  85 003c 2246     		mov	r2, r4
  86 003e 2021     		movs	r1, #32
  87 0040 2846     		mov	r0, r5
  88 0042 FFF7FEFF 		bl	HAL_GPIO_WritePin
  89              	.LVL0:
  48:Core/Src/gpio.c **** 
  49:Core/Src/gpio.c ****   /*Configure GPIO pin : HCSR04_TRIG_Pin */
  50:Core/Src/gpio.c ****   GPIO_InitStruct.Pin = HCSR04_TRIG_Pin;
  90              		.loc 1 50 3 view .LVU16
  91              		.loc 1 50 23 is_stmt 0 view .LVU17
  92 0046 2023     		movs	r3, #32
  93 0048 0393     		str	r3, [sp, #12]
  51:Core/Src/gpio.c ****   GPIO_InitStruct.Mode = GPIO_MODE_OUTPUT_PP;
  94              		.loc 1 51 3 is_stmt 1 view .LVU18
  95              		.loc 1 51 24 is_stmt 0 view .LVU19
  96 004a 0123     		movs	r3, #1
  97 004c 0493     		str	r3, [sp, #16]
  52:Core/Src/gpio.c ****   GPIO_InitStruct.Pull = GPIO_NOPULL;
  98              		.loc 1 52 3 is_stmt 1 view .LVU20
  99              		.loc 1 52 24 is_stmt 0 view .LVU21
 100 004e 0594     		str	r4, [sp, #20]
  53:Core/Src/gpio.c ****   GPIO_InitStruct.Speed = GPIO_SPEED_FREQ_VERY_HIGH;
 101              		.loc 1 53 3 is_stmt 1 view .LVU22
 102              		.loc 1 53 25 is_stmt 0 view .LVU23
 103 0050 0323     		movs	r3, #3
 104 0052 0693     		str	r3, [sp, #24]
  54:Core/Src/gpio.c ****   HAL_GPIO_Init(HCSR04_TRIG_GPIO_Port, &GPIO_InitStruct);
 105              		.loc 1 54 3 is_stmt 1 view .LVU24
 106 0054 03A9     		add	r1, sp, #12
 107 0056 2846     		mov	r0, r5
 108 0058 FFF7FEFF 		bl	HAL_GPIO_Init
 109              	.LVL1:
  55:Core/Src/gpio.c **** 
  56:Core/Src/gpio.c **** }
 110              		.loc 1 56 1 is_stmt 0 view .LVU25
 111 005c 09B0     		add	sp, sp, #36
 112              	.LCFI2:
 113              		.cfi_def_cfa_offset 12
 114              		@ sp needed
 115 005e 30BD     		pop	{r4, r5, pc}
 116              	.L4:
ARM GAS  C:\Users\YASSIN~1\AppData\Local\Temp\ccwFhFDb.s 			page 4


 117              		.align	2
 118              	.L3:
 119 0060 00380240 		.word	1073887232
 120 0064 00000240 		.word	1073872896
 121              		.cfi_endproc
 122              	.LFE134:
 124              		.text
 125              	.Letext0:
 126              		.file 2 "C:\\ST\\STM32CubeIDE_1.19.0\\STM32CubeIDE\\plugins\\com.st.stm32cube.ide.mcu.externaltool
 127              		.file 3 "C:\\ST\\STM32CubeIDE_1.19.0\\STM32CubeIDE\\plugins\\com.st.stm32cube.ide.mcu.externaltool
 128              		.file 4 "Drivers/CMSIS/Device/ST/STM32F4xx/Include/stm32f439xx.h"
 129              		.file 5 "Drivers/STM32F4xx_HAL_Driver/Inc/stm32f4xx_hal_gpio.h"
ARM GAS  C:\Users\YASSIN~1\AppData\Local\Temp\ccwFhFDb.s 			page 5


DEFINED SYMBOLS
                            *ABS*:00000000 gpio.c
C:\Users\YASSIN~1\AppData\Local\Temp\ccwFhFDb.s:21     .text.MX_GPIO_Init:00000000 $t
C:\Users\YASSIN~1\AppData\Local\Temp\ccwFhFDb.s:27     .text.MX_GPIO_Init:00000000 MX_GPIO_Init
C:\Users\YASSIN~1\AppData\Local\Temp\ccwFhFDb.s:119    .text.MX_GPIO_Init:00000060 $d

UNDEFINED SYMBOLS
HAL_GPIO_WritePin
HAL_GPIO_Init
