ARM GAS  C:\Users\YASSIN~1\AppData\Local\Temp\ccaUl5wk.s 			page 1


   1              		.cpu cortex-m4
   2              		.arch armv7e-m
   3              		.fpu fpv4-sp-d16
   4              		.eabi_attribute 27, 1
   5              		.eabi_attribute 28, 1
   6              		.eabi_attribute 20, 1
   7              		.eabi_attribute 21, 1
   8              		.eabi_attribute 23, 3
   9              		.eabi_attribute 24, 1
  10              		.eabi_attribute 25, 1
  11              		.eabi_attribute 26, 1
  12              		.eabi_attribute 30, 1
  13              		.eabi_attribute 34, 1
  14              		.eabi_attribute 18, 4
  15              		.file	"tim.c"
  16              		.text
  17              	.Ltext0:
  18              		.cfi_sections	.debug_frame
  19              		.file 1 "Core/Src/tim.c"
  20              		.section	.text.MX_TIM3_Init,"ax",%progbits
  21              		.align	1
  22              		.global	MX_TIM3_Init
  23              		.syntax unified
  24              		.thumb
  25              		.thumb_func
  27              	MX_TIM3_Init:
  28              	.LFB134:
   1:Core/Src/tim.c **** /* USER CODE BEGIN Header */
   2:Core/Src/tim.c **** /**
   3:Core/Src/tim.c ****   ******************************************************************************
   4:Core/Src/tim.c ****   * @file    tim.c
   5:Core/Src/tim.c ****   * @brief   This file provides code for the configuration
   6:Core/Src/tim.c ****   *          of the TIM instances.
   7:Core/Src/tim.c ****   ******************************************************************************
   8:Core/Src/tim.c ****   * @attention
   9:Core/Src/tim.c ****   *
  10:Core/Src/tim.c ****   * Copyright (c) 2025 STMicroelectronics.
  11:Core/Src/tim.c ****   * All rights reserved.
  12:Core/Src/tim.c ****   *
  13:Core/Src/tim.c ****   * This software is licensed under terms that can be found in the LICENSE file
  14:Core/Src/tim.c ****   * in the root directory of this software component.
  15:Core/Src/tim.c ****   * If no LICENSE file comes with this software, it is provided AS-IS.
  16:Core/Src/tim.c ****   *
  17:Core/Src/tim.c ****   ******************************************************************************
  18:Core/Src/tim.c ****   */
  19:Core/Src/tim.c **** /* USER CODE END Header */
  20:Core/Src/tim.c **** /* Includes ------------------------------------------------------------------*/
  21:Core/Src/tim.c **** #include "tim.h"
  22:Core/Src/tim.c **** 
  23:Core/Src/tim.c **** /* USER CODE BEGIN 0 */
  24:Core/Src/tim.c **** 
  25:Core/Src/tim.c **** /* USER CODE END 0 */
  26:Core/Src/tim.c **** 
  27:Core/Src/tim.c **** TIM_HandleTypeDef htim3;
  28:Core/Src/tim.c **** 
  29:Core/Src/tim.c **** /* TIM3 init function */
  30:Core/Src/tim.c **** void MX_TIM3_Init(void)
ARM GAS  C:\Users\YASSIN~1\AppData\Local\Temp\ccaUl5wk.s 			page 2


  31:Core/Src/tim.c **** {
  29              		.loc 1 31 1 view -0
  30              		.cfi_startproc
  31              		@ args = 0, pretend = 0, frame = 40
  32              		@ frame_needed = 0, uses_anonymous_args = 0
  33 0000 00B5     		push	{lr}
  34              	.LCFI0:
  35              		.cfi_def_cfa_offset 4
  36              		.cfi_offset 14, -4
  37 0002 8BB0     		sub	sp, sp, #44
  38              	.LCFI1:
  39              		.cfi_def_cfa_offset 48
  32:Core/Src/tim.c **** 
  33:Core/Src/tim.c ****   /* USER CODE BEGIN TIM3_Init 0 */
  34:Core/Src/tim.c **** 
  35:Core/Src/tim.c ****   /* USER CODE END TIM3_Init 0 */
  36:Core/Src/tim.c **** 
  37:Core/Src/tim.c ****   TIM_ClockConfigTypeDef sClockSourceConfig = {0};
  40              		.loc 1 37 3 view .LVU1
  41              		.loc 1 37 26 is_stmt 0 view .LVU2
  42 0004 0023     		movs	r3, #0
  43 0006 0693     		str	r3, [sp, #24]
  44 0008 0793     		str	r3, [sp, #28]
  45 000a 0893     		str	r3, [sp, #32]
  46 000c 0993     		str	r3, [sp, #36]
  38:Core/Src/tim.c ****   TIM_MasterConfigTypeDef sMasterConfig = {0};
  47              		.loc 1 38 3 is_stmt 1 view .LVU3
  48              		.loc 1 38 27 is_stmt 0 view .LVU4
  49 000e 0493     		str	r3, [sp, #16]
  50 0010 0593     		str	r3, [sp, #20]
  39:Core/Src/tim.c ****   TIM_IC_InitTypeDef sConfigIC = {0};
  51              		.loc 1 39 3 is_stmt 1 view .LVU5
  52              		.loc 1 39 22 is_stmt 0 view .LVU6
  53 0012 0093     		str	r3, [sp]
  54 0014 0193     		str	r3, [sp, #4]
  55 0016 0293     		str	r3, [sp, #8]
  56 0018 0393     		str	r3, [sp, #12]
  40:Core/Src/tim.c **** 
  41:Core/Src/tim.c ****   /* USER CODE BEGIN TIM3_Init 1 */
  42:Core/Src/tim.c ****   uint32_t timer_clk = HAL_RCC_GetPCLK1Freq();
  57              		.loc 1 42 3 is_stmt 1 view .LVU7
  58              		.loc 1 42 24 is_stmt 0 view .LVU8
  59 001a FFF7FEFF 		bl	HAL_RCC_GetPCLK1Freq
  60              	.LVL0:
  43:Core/Src/tim.c ****   if ((RCC->CFGR & RCC_CFGR_PPRE1) != RCC_CFGR_PPRE1_DIV1)
  61              		.loc 1 43 3 is_stmt 1 view .LVU9
  62              		.loc 1 43 11 is_stmt 0 view .LVU10
  63 001e 254B     		ldr	r3, .L14
  64 0020 9B68     		ldr	r3, [r3, #8]
  65              		.loc 1 43 6 view .LVU11
  66 0022 13F4E05F 		tst	r3, #7168
  67 0026 00D0     		beq	.L2
  44:Core/Src/tim.c ****   {
  45:Core/Src/tim.c ****     timer_clk *= 2U;
  68              		.loc 1 45 5 is_stmt 1 view .LVU12
  69              		.loc 1 45 15 is_stmt 0 view .LVU13
  70 0028 4000     		lsls	r0, r0, #1
ARM GAS  C:\Users\YASSIN~1\AppData\Local\Temp\ccaUl5wk.s 			page 3


  71              	.LVL1:
  72              	.L2:
  46:Core/Src/tim.c ****   }
  47:Core/Src/tim.c ****   uint32_t prescaler = (timer_clk / 1000000U) - 1U;
  73              		.loc 1 47 3 is_stmt 1 view .LVU14
  74              		.loc 1 47 35 is_stmt 0 view .LVU15
  75 002a 234B     		ldr	r3, .L14+4
  76 002c A3FB0023 		umull	r2, r3, r3, r0
  77 0030 9B0C     		lsrs	r3, r3, #18
  78              		.loc 1 47 12 view .LVU16
  79 0032 013B     		subs	r3, r3, #1
  80              	.LVL2:
  48:Core/Src/tim.c ****   /* USER CODE END TIM3_Init 1 */
  49:Core/Src/tim.c ****   htim3.Instance = TIM3;
  81              		.loc 1 49 3 is_stmt 1 view .LVU17
  82              		.loc 1 49 18 is_stmt 0 view .LVU18
  83 0034 2148     		ldr	r0, .L14+8
  84              	.LVL3:
  85              		.loc 1 49 18 view .LVU19
  86 0036 224A     		ldr	r2, .L14+12
  87 0038 0260     		str	r2, [r0]
  50:Core/Src/tim.c ****   htim3.Init.Prescaler = prescaler;
  88              		.loc 1 50 3 is_stmt 1 view .LVU20
  89              		.loc 1 50 24 is_stmt 0 view .LVU21
  90 003a 4360     		str	r3, [r0, #4]
  51:Core/Src/tim.c ****   htim3.Init.CounterMode = TIM_COUNTERMODE_UP;
  91              		.loc 1 51 3 is_stmt 1 view .LVU22
  92              		.loc 1 51 26 is_stmt 0 view .LVU23
  93 003c 0023     		movs	r3, #0
  94              	.LVL4:
  95              		.loc 1 51 26 view .LVU24
  96 003e 8360     		str	r3, [r0, #8]
  52:Core/Src/tim.c ****   htim3.Init.Period = 0xFFFF;
  97              		.loc 1 52 3 is_stmt 1 view .LVU25
  98              		.loc 1 52 21 is_stmt 0 view .LVU26
  99 0040 4FF6FF72 		movw	r2, #65535
 100 0044 C260     		str	r2, [r0, #12]
  53:Core/Src/tim.c ****   htim3.Init.ClockDivision = TIM_CLOCKDIVISION_DIV1;
 101              		.loc 1 53 3 is_stmt 1 view .LVU27
 102              		.loc 1 53 28 is_stmt 0 view .LVU28
 103 0046 0361     		str	r3, [r0, #16]
  54:Core/Src/tim.c ****   htim3.Init.AutoReloadPreload = TIM_AUTORELOAD_PRELOAD_DISABLE;
 104              		.loc 1 54 3 is_stmt 1 view .LVU29
 105              		.loc 1 54 32 is_stmt 0 view .LVU30
 106 0048 8361     		str	r3, [r0, #24]
  55:Core/Src/tim.c ****   if (HAL_TIM_Base_Init(&htim3) != HAL_OK)
 107              		.loc 1 55 3 is_stmt 1 view .LVU31
 108              		.loc 1 55 7 is_stmt 0 view .LVU32
 109 004a FFF7FEFF 		bl	HAL_TIM_Base_Init
 110              	.LVL5:
 111              		.loc 1 55 6 discriminator 1 view .LVU33
 112 004e 08BB     		cbnz	r0, .L9
 113              	.L3:
  56:Core/Src/tim.c ****   {
  57:Core/Src/tim.c ****     Error_Handler();
  58:Core/Src/tim.c ****   }
  59:Core/Src/tim.c ****   sClockSourceConfig.ClockSource = TIM_CLOCKSOURCE_INTERNAL;
ARM GAS  C:\Users\YASSIN~1\AppData\Local\Temp\ccaUl5wk.s 			page 4


 114              		.loc 1 59 3 is_stmt 1 view .LVU34
 115              		.loc 1 59 34 is_stmt 0 view .LVU35
 116 0050 4FF48053 		mov	r3, #4096
 117 0054 0693     		str	r3, [sp, #24]
  60:Core/Src/tim.c ****   if (HAL_TIM_ConfigClockSource(&htim3, &sClockSourceConfig) != HAL_OK)
 118              		.loc 1 60 3 is_stmt 1 view .LVU36
 119              		.loc 1 60 7 is_stmt 0 view .LVU37
 120 0056 06A9     		add	r1, sp, #24
 121 0058 1848     		ldr	r0, .L14+8
 122 005a FFF7FEFF 		bl	HAL_TIM_ConfigClockSource
 123              	.LVL6:
 124              		.loc 1 60 6 discriminator 1 view .LVU38
 125 005e E0B9     		cbnz	r0, .L10
 126              	.L4:
  61:Core/Src/tim.c ****   {
  62:Core/Src/tim.c ****     Error_Handler();
  63:Core/Src/tim.c ****   }
  64:Core/Src/tim.c ****   if (HAL_TIM_IC_Init(&htim3) != HAL_OK)
 127              		.loc 1 64 3 is_stmt 1 view .LVU39
 128              		.loc 1 64 7 is_stmt 0 view .LVU40
 129 0060 1648     		ldr	r0, .L14+8
 130 0062 FFF7FEFF 		bl	HAL_TIM_IC_Init
 131              	.LVL7:
 132              		.loc 1 64 6 discriminator 1 view .LVU41
 133 0066 D8B9     		cbnz	r0, .L11
 134              	.L5:
  65:Core/Src/tim.c ****   {
  66:Core/Src/tim.c ****     Error_Handler();
  67:Core/Src/tim.c ****   }
  68:Core/Src/tim.c ****   sMasterConfig.MasterOutputTrigger = TIM_TRGO_RESET;
 135              		.loc 1 68 3 is_stmt 1 view .LVU42
 136              		.loc 1 68 37 is_stmt 0 view .LVU43
 137 0068 0023     		movs	r3, #0
 138 006a 0493     		str	r3, [sp, #16]
  69:Core/Src/tim.c ****   sMasterConfig.MasterSlaveMode = TIM_MASTERSLAVEMODE_DISABLE;
 139              		.loc 1 69 3 is_stmt 1 view .LVU44
 140              		.loc 1 69 33 is_stmt 0 view .LVU45
 141 006c 0593     		str	r3, [sp, #20]
  70:Core/Src/tim.c ****   if (HAL_TIMEx_MasterConfigSynchronization(&htim3, &sMasterConfig) != HAL_OK)
 142              		.loc 1 70 3 is_stmt 1 view .LVU46
 143              		.loc 1 70 7 is_stmt 0 view .LVU47
 144 006e 04A9     		add	r1, sp, #16
 145 0070 1248     		ldr	r0, .L14+8
 146 0072 FFF7FEFF 		bl	HAL_TIMEx_MasterConfigSynchronization
 147              	.LVL8:
 148              		.loc 1 70 6 discriminator 1 view .LVU48
 149 0076 B0B9     		cbnz	r0, .L12
 150              	.L6:
  71:Core/Src/tim.c ****   {
  72:Core/Src/tim.c ****     Error_Handler();
  73:Core/Src/tim.c ****   }
  74:Core/Src/tim.c ****   sConfigIC.ICPolarity = TIM_INPUTCHANNELPOLARITY_RISING;
 151              		.loc 1 74 3 is_stmt 1 view .LVU49
 152              		.loc 1 74 24 is_stmt 0 view .LVU50
 153 0078 0022     		movs	r2, #0
 154 007a 0092     		str	r2, [sp]
  75:Core/Src/tim.c ****   sConfigIC.ICSelection = TIM_ICSELECTION_DIRECTTI;
ARM GAS  C:\Users\YASSIN~1\AppData\Local\Temp\ccaUl5wk.s 			page 5


 155              		.loc 1 75 3 is_stmt 1 view .LVU51
 156              		.loc 1 75 25 is_stmt 0 view .LVU52
 157 007c 0123     		movs	r3, #1
 158 007e 0193     		str	r3, [sp, #4]
  76:Core/Src/tim.c ****   sConfigIC.ICPrescaler = TIM_ICPSC_DIV1;
 159              		.loc 1 76 3 is_stmt 1 view .LVU53
 160              		.loc 1 76 25 is_stmt 0 view .LVU54
 161 0080 0292     		str	r2, [sp, #8]
  77:Core/Src/tim.c ****   sConfigIC.ICFilter = 0;
 162              		.loc 1 77 3 is_stmt 1 view .LVU55
 163              		.loc 1 77 22 is_stmt 0 view .LVU56
 164 0082 0392     		str	r2, [sp, #12]
  78:Core/Src/tim.c ****   if (HAL_TIM_IC_ConfigChannel(&htim3, &sConfigIC, TIM_CHANNEL_1) != HAL_OK)
 165              		.loc 1 78 3 is_stmt 1 view .LVU57
 166              		.loc 1 78 7 is_stmt 0 view .LVU58
 167 0084 6946     		mov	r1, sp
 168 0086 0D48     		ldr	r0, .L14+8
 169 0088 FFF7FEFF 		bl	HAL_TIM_IC_ConfigChannel
 170              	.LVL9:
 171              		.loc 1 78 6 discriminator 1 view .LVU59
 172 008c 70B9     		cbnz	r0, .L13
 173              	.L1:
  79:Core/Src/tim.c ****   {
  80:Core/Src/tim.c ****     Error_Handler();
  81:Core/Src/tim.c ****   }
  82:Core/Src/tim.c ****   /* USER CODE BEGIN TIM3_Init 2 */
  83:Core/Src/tim.c **** 
  84:Core/Src/tim.c ****   /* USER CODE END TIM3_Init 2 */
  85:Core/Src/tim.c **** 
  86:Core/Src/tim.c **** }
 174              		.loc 1 86 1 view .LVU60
 175 008e 0BB0     		add	sp, sp, #44
 176              	.LCFI2:
 177              		.cfi_remember_state
 178              		.cfi_def_cfa_offset 4
 179              		@ sp needed
 180 0090 5DF804FB 		ldr	pc, [sp], #4
 181              	.L9:
 182              	.LCFI3:
 183              		.cfi_restore_state
  57:Core/Src/tim.c ****   }
 184              		.loc 1 57 5 is_stmt 1 view .LVU61
 185 0094 FFF7FEFF 		bl	Error_Handler
 186              	.LVL10:
 187 0098 DAE7     		b	.L3
 188              	.L10:
  62:Core/Src/tim.c ****   }
 189              		.loc 1 62 5 view .LVU62
 190 009a FFF7FEFF 		bl	Error_Handler
 191              	.LVL11:
 192 009e DFE7     		b	.L4
 193              	.L11:
  66:Core/Src/tim.c ****   }
 194              		.loc 1 66 5 view .LVU63
 195 00a0 FFF7FEFF 		bl	Error_Handler
 196              	.LVL12:
 197 00a4 E0E7     		b	.L5
ARM GAS  C:\Users\YASSIN~1\AppData\Local\Temp\ccaUl5wk.s 			page 6


 198              	.L12:
  72:Core/Src/tim.c ****   }
 199              		.loc 1 72 5 view .LVU64
 200 00a6 FFF7FEFF 		bl	Error_Handler
 201              	.LVL13:
 202 00aa E5E7     		b	.L6
 203              	.L13:
  80:Core/Src/tim.c ****   }
 204              		.loc 1 80 5 view .LVU65
 205 00ac FFF7FEFF 		bl	Error_Handler
 206              	.LVL14:
 207              		.loc 1 86 1 is_stmt 0 view .LVU66
 208 00b0 EDE7     		b	.L1
 209              	.L15:
 210 00b2 00BF     		.align	2
 211              	.L14:
 212 00b4 00380240 		.word	1073887232
 213 00b8 83DE1B43 		.word	1125899907
 214 00bc 00000000 		.word	htim3
 215 00c0 00040040 		.word	1073742848
 216              		.cfi_endproc
 217              	.LFE134:
 219              		.section	.text.HAL_TIM_Base_MspInit,"ax",%progbits
 220              		.align	1
 221              		.global	HAL_TIM_Base_MspInit
 222              		.syntax unified
 223              		.thumb
 224              		.thumb_func
 226              	HAL_TIM_Base_MspInit:
 227              	.LVL15:
 228              	.LFB135:
  87:Core/Src/tim.c **** 
  88:Core/Src/tim.c **** void HAL_TIM_Base_MspInit(TIM_HandleTypeDef* tim_baseHandle)
  89:Core/Src/tim.c **** {
 229              		.loc 1 89 1 is_stmt 1 view -0
 230              		.cfi_startproc
 231              		@ args = 0, pretend = 0, frame = 32
 232              		@ frame_needed = 0, uses_anonymous_args = 0
 233              		.loc 1 89 1 is_stmt 0 view .LVU68
 234 0000 10B5     		push	{r4, lr}
 235              	.LCFI4:
 236              		.cfi_def_cfa_offset 8
 237              		.cfi_offset 4, -8
 238              		.cfi_offset 14, -4
 239 0002 88B0     		sub	sp, sp, #32
 240              	.LCFI5:
 241              		.cfi_def_cfa_offset 40
  90:Core/Src/tim.c **** 
  91:Core/Src/tim.c ****   GPIO_InitTypeDef GPIO_InitStruct = {0};
 242              		.loc 1 91 3 is_stmt 1 view .LVU69
 243              		.loc 1 91 20 is_stmt 0 view .LVU70
 244 0004 0023     		movs	r3, #0
 245 0006 0393     		str	r3, [sp, #12]
 246 0008 0493     		str	r3, [sp, #16]
 247 000a 0593     		str	r3, [sp, #20]
 248 000c 0693     		str	r3, [sp, #24]
 249 000e 0793     		str	r3, [sp, #28]
ARM GAS  C:\Users\YASSIN~1\AppData\Local\Temp\ccaUl5wk.s 			page 7


  92:Core/Src/tim.c ****   if(tim_baseHandle->Instance==TIM3)
 250              		.loc 1 92 3 is_stmt 1 view .LVU71
 251              		.loc 1 92 20 is_stmt 0 view .LVU72
 252 0010 0268     		ldr	r2, [r0]
 253              		.loc 1 92 5 view .LVU73
 254 0012 174B     		ldr	r3, .L20
 255 0014 9A42     		cmp	r2, r3
 256 0016 01D0     		beq	.L19
 257              	.LVL16:
 258              	.L16:
  93:Core/Src/tim.c ****   {
  94:Core/Src/tim.c ****   /* USER CODE BEGIN TIM3_MspInit 0 */
  95:Core/Src/tim.c **** 
  96:Core/Src/tim.c ****   /* USER CODE END TIM3_MspInit 0 */
  97:Core/Src/tim.c ****     /* TIM3 clock enable */
  98:Core/Src/tim.c ****     __HAL_RCC_TIM3_CLK_ENABLE();
  99:Core/Src/tim.c **** 
 100:Core/Src/tim.c ****     __HAL_RCC_GPIOA_CLK_ENABLE();
 101:Core/Src/tim.c ****     /**TIM3 GPIO Configuration
 102:Core/Src/tim.c ****     PA6     ------> TIM3_CH1
 103:Core/Src/tim.c ****     */
 104:Core/Src/tim.c ****     GPIO_InitStruct.Pin = GPIO_PIN_6;
 105:Core/Src/tim.c ****     GPIO_InitStruct.Mode = GPIO_MODE_AF_PP;
 106:Core/Src/tim.c ****     GPIO_InitStruct.Pull = GPIO_NOPULL;
 107:Core/Src/tim.c ****     GPIO_InitStruct.Speed = GPIO_SPEED_FREQ_LOW;
 108:Core/Src/tim.c ****     GPIO_InitStruct.Alternate = GPIO_AF2_TIM3;
 109:Core/Src/tim.c ****     HAL_GPIO_Init(GPIOA, &GPIO_InitStruct);
 110:Core/Src/tim.c **** 
 111:Core/Src/tim.c ****     /* TIM3 interrupt Init */
 112:Core/Src/tim.c ****     HAL_NVIC_SetPriority(TIM3_IRQn, 0, 0);
 113:Core/Src/tim.c ****     HAL_NVIC_EnableIRQ(TIM3_IRQn);
 114:Core/Src/tim.c ****   /* USER CODE BEGIN TIM3_MspInit 1 */
 115:Core/Src/tim.c **** 
 116:Core/Src/tim.c ****   /* USER CODE END TIM3_MspInit 1 */
 117:Core/Src/tim.c ****   }
 118:Core/Src/tim.c **** }
 259              		.loc 1 118 1 view .LVU74
 260 0018 08B0     		add	sp, sp, #32
 261              	.LCFI6:
 262              		.cfi_remember_state
 263              		.cfi_def_cfa_offset 8
 264              		@ sp needed
 265 001a 10BD     		pop	{r4, pc}
 266              	.LVL17:
 267              	.L19:
 268              	.LCFI7:
 269              		.cfi_restore_state
  98:Core/Src/tim.c **** 
 270              		.loc 1 98 5 is_stmt 1 view .LVU75
 271              	.LBB2:
  98:Core/Src/tim.c **** 
 272              		.loc 1 98 5 view .LVU76
 273 001c 0024     		movs	r4, #0
 274 001e 0194     		str	r4, [sp, #4]
  98:Core/Src/tim.c **** 
 275              		.loc 1 98 5 view .LVU77
 276 0020 03F50D33 		add	r3, r3, #144384
ARM GAS  C:\Users\YASSIN~1\AppData\Local\Temp\ccaUl5wk.s 			page 8


 277 0024 1A6C     		ldr	r2, [r3, #64]
 278 0026 42F00202 		orr	r2, r2, #2
 279 002a 1A64     		str	r2, [r3, #64]
  98:Core/Src/tim.c **** 
 280              		.loc 1 98 5 view .LVU78
 281 002c 1A6C     		ldr	r2, [r3, #64]
 282 002e 02F00202 		and	r2, r2, #2
 283 0032 0192     		str	r2, [sp, #4]
  98:Core/Src/tim.c **** 
 284              		.loc 1 98 5 view .LVU79
 285 0034 019A     		ldr	r2, [sp, #4]
 286              	.LBE2:
  98:Core/Src/tim.c **** 
 287              		.loc 1 98 5 view .LVU80
 100:Core/Src/tim.c ****     /**TIM3 GPIO Configuration
 288              		.loc 1 100 5 view .LVU81
 289              	.LBB3:
 100:Core/Src/tim.c ****     /**TIM3 GPIO Configuration
 290              		.loc 1 100 5 view .LVU82
 291 0036 0294     		str	r4, [sp, #8]
 100:Core/Src/tim.c ****     /**TIM3 GPIO Configuration
 292              		.loc 1 100 5 view .LVU83
 293 0038 1A6B     		ldr	r2, [r3, #48]
 294 003a 42F00102 		orr	r2, r2, #1
 295 003e 1A63     		str	r2, [r3, #48]
 100:Core/Src/tim.c ****     /**TIM3 GPIO Configuration
 296              		.loc 1 100 5 view .LVU84
 297 0040 1B6B     		ldr	r3, [r3, #48]
 298 0042 03F00103 		and	r3, r3, #1
 299 0046 0293     		str	r3, [sp, #8]
 100:Core/Src/tim.c ****     /**TIM3 GPIO Configuration
 300              		.loc 1 100 5 view .LVU85
 301 0048 029B     		ldr	r3, [sp, #8]
 302              	.LBE3:
 100:Core/Src/tim.c ****     /**TIM3 GPIO Configuration
 303              		.loc 1 100 5 view .LVU86
 104:Core/Src/tim.c ****     GPIO_InitStruct.Mode = GPIO_MODE_AF_PP;
 304              		.loc 1 104 5 view .LVU87
 104:Core/Src/tim.c ****     GPIO_InitStruct.Mode = GPIO_MODE_AF_PP;
 305              		.loc 1 104 25 is_stmt 0 view .LVU88
 306 004a 4023     		movs	r3, #64
 307 004c 0393     		str	r3, [sp, #12]
 105:Core/Src/tim.c ****     GPIO_InitStruct.Pull = GPIO_NOPULL;
 308              		.loc 1 105 5 is_stmt 1 view .LVU89
 105:Core/Src/tim.c ****     GPIO_InitStruct.Pull = GPIO_NOPULL;
 309              		.loc 1 105 26 is_stmt 0 view .LVU90
 310 004e 0223     		movs	r3, #2
 311 0050 0493     		str	r3, [sp, #16]
 106:Core/Src/tim.c ****     GPIO_InitStruct.Speed = GPIO_SPEED_FREQ_LOW;
 312              		.loc 1 106 5 is_stmt 1 view .LVU91
 107:Core/Src/tim.c ****     GPIO_InitStruct.Alternate = GPIO_AF2_TIM3;
 313              		.loc 1 107 5 view .LVU92
 108:Core/Src/tim.c ****     HAL_GPIO_Init(GPIOA, &GPIO_InitStruct);
 314              		.loc 1 108 5 view .LVU93
 108:Core/Src/tim.c ****     HAL_GPIO_Init(GPIOA, &GPIO_InitStruct);
 315              		.loc 1 108 31 is_stmt 0 view .LVU94
 316 0052 0793     		str	r3, [sp, #28]
ARM GAS  C:\Users\YASSIN~1\AppData\Local\Temp\ccaUl5wk.s 			page 9


 109:Core/Src/tim.c **** 
 317              		.loc 1 109 5 is_stmt 1 view .LVU95
 318 0054 03A9     		add	r1, sp, #12
 319 0056 0748     		ldr	r0, .L20+4
 320              	.LVL18:
 109:Core/Src/tim.c **** 
 321              		.loc 1 109 5 is_stmt 0 view .LVU96
 322 0058 FFF7FEFF 		bl	HAL_GPIO_Init
 323              	.LVL19:
 112:Core/Src/tim.c ****     HAL_NVIC_EnableIRQ(TIM3_IRQn);
 324              		.loc 1 112 5 is_stmt 1 view .LVU97
 325 005c 2246     		mov	r2, r4
 326 005e 2146     		mov	r1, r4
 327 0060 1D20     		movs	r0, #29
 328 0062 FFF7FEFF 		bl	HAL_NVIC_SetPriority
 329              	.LVL20:
 113:Core/Src/tim.c ****   /* USER CODE BEGIN TIM3_MspInit 1 */
 330              		.loc 1 113 5 view .LVU98
 331 0066 1D20     		movs	r0, #29
 332 0068 FFF7FEFF 		bl	HAL_NVIC_EnableIRQ
 333              	.LVL21:
 334              		.loc 1 118 1 is_stmt 0 view .LVU99
 335 006c D4E7     		b	.L16
 336              	.L21:
 337 006e 00BF     		.align	2
 338              	.L20:
 339 0070 00040040 		.word	1073742848
 340 0074 00000240 		.word	1073872896
 341              		.cfi_endproc
 342              	.LFE135:
 344              		.section	.text.HAL_TIM_Base_MspDeInit,"ax",%progbits
 345              		.align	1
 346              		.global	HAL_TIM_Base_MspDeInit
 347              		.syntax unified
 348              		.thumb
 349              		.thumb_func
 351              	HAL_TIM_Base_MspDeInit:
 352              	.LVL22:
 353              	.LFB136:
 119:Core/Src/tim.c **** 
 120:Core/Src/tim.c **** void HAL_TIM_Base_MspDeInit(TIM_HandleTypeDef* tim_baseHandle)
 121:Core/Src/tim.c **** {
 354              		.loc 1 121 1 is_stmt 1 view -0
 355              		.cfi_startproc
 356              		@ args = 0, pretend = 0, frame = 0
 357              		@ frame_needed = 0, uses_anonymous_args = 0
 358              		.loc 1 121 1 is_stmt 0 view .LVU101
 359 0000 08B5     		push	{r3, lr}
 360              	.LCFI8:
 361              		.cfi_def_cfa_offset 8
 362              		.cfi_offset 3, -8
 363              		.cfi_offset 14, -4
 122:Core/Src/tim.c **** 
 123:Core/Src/tim.c ****   if(tim_baseHandle->Instance==TIM3)
 364              		.loc 1 123 3 is_stmt 1 view .LVU102
 365              		.loc 1 123 20 is_stmt 0 view .LVU103
 366 0002 0268     		ldr	r2, [r0]
ARM GAS  C:\Users\YASSIN~1\AppData\Local\Temp\ccaUl5wk.s 			page 10


 367              		.loc 1 123 5 view .LVU104
 368 0004 084B     		ldr	r3, .L26
 369 0006 9A42     		cmp	r2, r3
 370 0008 00D0     		beq	.L25
 371              	.LVL23:
 372              	.L22:
 124:Core/Src/tim.c ****   {
 125:Core/Src/tim.c ****   /* USER CODE BEGIN TIM3_MspDeInit 0 */
 126:Core/Src/tim.c **** 
 127:Core/Src/tim.c ****   /* USER CODE END TIM3_MspDeInit 0 */
 128:Core/Src/tim.c ****     /* Peripheral clock disable */
 129:Core/Src/tim.c ****     __HAL_RCC_TIM3_CLK_DISABLE();
 130:Core/Src/tim.c **** 
 131:Core/Src/tim.c ****     /**TIM3 GPIO Configuration
 132:Core/Src/tim.c ****     PA6     ------> TIM3_CH1
 133:Core/Src/tim.c ****     */
 134:Core/Src/tim.c ****     HAL_GPIO_DeInit(GPIOA, GPIO_PIN_6);
 135:Core/Src/tim.c **** 
 136:Core/Src/tim.c ****     /* TIM3 interrupt Deinit */
 137:Core/Src/tim.c ****     HAL_NVIC_DisableIRQ(TIM3_IRQn);
 138:Core/Src/tim.c ****   /* USER CODE BEGIN TIM3_MspDeInit 1 */
 139:Core/Src/tim.c **** 
 140:Core/Src/tim.c ****   /* USER CODE END TIM3_MspDeInit 1 */
 141:Core/Src/tim.c ****   }
 142:Core/Src/tim.c **** }
 373              		.loc 1 142 1 view .LVU105
 374 000a 08BD     		pop	{r3, pc}
 375              	.LVL24:
 376              	.L25:
 129:Core/Src/tim.c **** 
 377              		.loc 1 129 5 is_stmt 1 view .LVU106
 378 000c 074A     		ldr	r2, .L26+4
 379 000e 136C     		ldr	r3, [r2, #64]
 380 0010 23F00203 		bic	r3, r3, #2
 381 0014 1364     		str	r3, [r2, #64]
 134:Core/Src/tim.c **** 
 382              		.loc 1 134 5 view .LVU107
 383 0016 4021     		movs	r1, #64
 384 0018 0548     		ldr	r0, .L26+8
 385              	.LVL25:
 134:Core/Src/tim.c **** 
 386              		.loc 1 134 5 is_stmt 0 view .LVU108
 387 001a FFF7FEFF 		bl	HAL_GPIO_DeInit
 388              	.LVL26:
 137:Core/Src/tim.c ****   /* USER CODE BEGIN TIM3_MspDeInit 1 */
 389              		.loc 1 137 5 is_stmt 1 view .LVU109
 390 001e 1D20     		movs	r0, #29
 391 0020 FFF7FEFF 		bl	HAL_NVIC_DisableIRQ
 392              	.LVL27:
 393              		.loc 1 142 1 is_stmt 0 view .LVU110
 394 0024 F1E7     		b	.L22
 395              	.L27:
 396 0026 00BF     		.align	2
 397              	.L26:
 398 0028 00040040 		.word	1073742848
 399 002c 00380240 		.word	1073887232
 400 0030 00000240 		.word	1073872896
ARM GAS  C:\Users\YASSIN~1\AppData\Local\Temp\ccaUl5wk.s 			page 11


 401              		.cfi_endproc
 402              	.LFE136:
 404              		.global	htim3
 405              		.section	.bss.htim3,"aw",%nobits
 406              		.align	2
 409              	htim3:
 410 0000 00000000 		.space	72
 410      00000000 
 410      00000000 
 410      00000000 
 410      00000000 
 411              		.text
 412              	.Letext0:
 413              		.file 2 "Drivers/CMSIS/Device/ST/STM32F4xx/Include/stm32f439xx.h"
 414              		.file 3 "C:\\ST\\STM32CubeIDE_1.19.0\\STM32CubeIDE\\plugins\\com.st.stm32cube.ide.mcu.externaltool
 415              		.file 4 "C:\\ST\\STM32CubeIDE_1.19.0\\STM32CubeIDE\\plugins\\com.st.stm32cube.ide.mcu.externaltool
 416              		.file 5 "Drivers/STM32F4xx_HAL_Driver/Inc/stm32f4xx_hal_def.h"
 417              		.file 6 "Drivers/STM32F4xx_HAL_Driver/Inc/stm32f4xx_hal_gpio.h"
 418              		.file 7 "Drivers/STM32F4xx_HAL_Driver/Inc/stm32f4xx_hal_dma.h"
 419              		.file 8 "Drivers/STM32F4xx_HAL_Driver/Inc/stm32f4xx_hal_tim.h"
 420              		.file 9 "Drivers/STM32F4xx_HAL_Driver/Inc/stm32f4xx_hal_cortex.h"
 421              		.file 10 "Drivers/STM32F4xx_HAL_Driver/Inc/stm32f4xx_hal_tim_ex.h"
 422              		.file 11 "Core/Inc/tim.h"
 423              		.file 12 "Core/Inc/main.h"
 424              		.file 13 "Drivers/STM32F4xx_HAL_Driver/Inc/stm32f4xx_hal_rcc.h"
ARM GAS  C:\Users\YASSIN~1\AppData\Local\Temp\ccaUl5wk.s 			page 12


DEFINED SYMBOLS
                            *ABS*:00000000 tim.c
C:\Users\YASSIN~1\AppData\Local\Temp\ccaUl5wk.s:21     .text.MX_TIM3_Init:00000000 $t
C:\Users\YASSIN~1\AppData\Local\Temp\ccaUl5wk.s:27     .text.MX_TIM3_Init:00000000 MX_TIM3_Init
C:\Users\YASSIN~1\AppData\Local\Temp\ccaUl5wk.s:212    .text.MX_TIM3_Init:000000b4 $d
C:\Users\YASSIN~1\AppData\Local\Temp\ccaUl5wk.s:409    .bss.htim3:00000000 htim3
C:\Users\YASSIN~1\AppData\Local\Temp\ccaUl5wk.s:220    .text.HAL_TIM_Base_MspInit:00000000 $t
C:\Users\YASSIN~1\AppData\Local\Temp\ccaUl5wk.s:226    .text.HAL_TIM_Base_MspInit:00000000 HAL_TIM_Base_MspInit
C:\Users\YASSIN~1\AppData\Local\Temp\ccaUl5wk.s:339    .text.HAL_TIM_Base_MspInit:00000070 $d
C:\Users\YASSIN~1\AppData\Local\Temp\ccaUl5wk.s:345    .text.HAL_TIM_Base_MspDeInit:00000000 $t
C:\Users\YASSIN~1\AppData\Local\Temp\ccaUl5wk.s:351    .text.HAL_TIM_Base_MspDeInit:00000000 HAL_TIM_Base_MspDeInit
C:\Users\YASSIN~1\AppData\Local\Temp\ccaUl5wk.s:398    .text.HAL_TIM_Base_MspDeInit:00000028 $d
C:\Users\YASSIN~1\AppData\Local\Temp\ccaUl5wk.s:406    .bss.htim3:00000000 $d

UNDEFINED SYMBOLS
HAL_RCC_GetPCLK1Freq
HAL_TIM_Base_Init
HAL_TIM_ConfigClockSource
HAL_TIM_IC_Init
HAL_TIMEx_MasterConfigSynchronization
HAL_TIM_IC_ConfigChannel
Error_Handler
HAL_GPIO_Init
HAL_NVIC_SetPriority
HAL_NVIC_EnableIRQ
HAL_GPIO_DeInit
HAL_NVIC_DisableIRQ
